= Host-specific information ====================================================
$> hostname; uname -msr
OHWui-MacBookAir.local
Darwin 20.6.0 arm64
$> date
2021년 11월 25일 목요일 16시 26분 46초 KST
$> gcc --version
Apple clang version 13.0.0 (clang-1300.0.29.3)
Target: arm64-apple-darwin20.6.0
Thread model: posix
InstalledDir: /Library/Developer/CommandLineTools/usr/bin
$> clang --version
Apple clang version 13.0.0 (clang-1300.0.29.3)
Target: arm64-apple-darwin20.6.0
Thread model: posix
InstalledDir: /Library/Developer/CommandLineTools/usr/bin

= libft.h=======================================================================
$> norminette libft.h | grep -E '(Error|Warning)'
/Users/ohw/42git/ohw/libft/test/temp/tmp_tests_dir/libft.h: Error!
Error: HEADER_PROT_ALL      (line:  13, col:   1):	Header protection must include all the instructions
Error: TAB_REPLACE_SPACE    (line:  13, col:   1):	Found tab when expecting space
Error: HEADER_PROT_ALL      (line:  15, col:   1):	Header protection must include all the instructions
Error: HEADER_PROT_ALL      (line:  16, col:   1):	Header protection must include all the instructions
Error: HEADER_PROT_ALL      (line:  19, col:   1):	Header protection must include all the instructions
Norme check failed

= Compiling libft ==============================================================
$> make re
rm -f ft_isalpha.o ft_isdigit.o ft_isalnum.o ft_isascii.o ft_isprint.o ft_strlen.o ft_memset.o ft_bzero.o ft_memcpy.o ft_memmove.o ft_strlcpy.o ft_strlcat.o ft_toupper.o ft_tolower.o ft_strchr.o ft_strrchr.o ft_strncmp.o ft_memchr.o ft_memcmp.o ft_strnstr.o ft_atoi.o ft_calloc.o ft_strdup.o ft_substr.o ft_strjoin.o ft_strtrim.o ft_split.o ft_itoa.o ft_strmapi.o ft_striteri.o ft_putchar_fd.o ft_putstr_fd.o ft_putendl_fd.o ft_putnbr_fd.o
rm -f libft.a
clang -Wall -Wextra -Werror -c ft_isalpha.c -o ft_isalpha.o -I./
clang -Wall -Wextra -Werror -c ft_isdigit.c -o ft_isdigit.o -I./
clang -Wall -Wextra -Werror -c ft_isalnum.c -o ft_isalnum.o -I./
clang -Wall -Wextra -Werror -c ft_isascii.c -o ft_isascii.o -I./
clang -Wall -Wextra -Werror -c ft_isprint.c -o ft_isprint.o -I./
clang -Wall -Wextra -Werror -c ft_strlen.c -o ft_strlen.o -I./
clang -Wall -Wextra -Werror -c ft_memset.c -o ft_memset.o -I./
clang -Wall -Wextra -Werror -c ft_bzero.c -o ft_bzero.o -I./
clang -Wall -Wextra -Werror -c ft_memcpy.c -o ft_memcpy.o -I./
clang -Wall -Wextra -Werror -c ft_memmove.c -o ft_memmove.o -I./
clang -Wall -Wextra -Werror -c ft_strlcpy.c -o ft_strlcpy.o -I./
clang -Wall -Wextra -Werror -c ft_strlcat.c -o ft_strlcat.o -I./
clang -Wall -Wextra -Werror -c ft_toupper.c -o ft_toupper.o -I./
clang -Wall -Wextra -Werror -c ft_tolower.c -o ft_tolower.o -I./
clang -Wall -Wextra -Werror -c ft_strchr.c -o ft_strchr.o -I./
clang -Wall -Wextra -Werror -c ft_strrchr.c -o ft_strrchr.o -I./
clang -Wall -Wextra -Werror -c ft_strncmp.c -o ft_strncmp.o -I./
clang -Wall -Wextra -Werror -c ft_memchr.c -o ft_memchr.o -I./
clang -Wall -Wextra -Werror -c ft_memcmp.c -o ft_memcmp.o -I./
clang -Wall -Wextra -Werror -c ft_strnstr.c -o ft_strnstr.o -I./
clang -Wall -Wextra -Werror -c ft_atoi.c -o ft_atoi.o -I./
clang -Wall -Wextra -Werror -c ft_calloc.c -o ft_calloc.o -I./
clang -Wall -Wextra -Werror -c ft_strdup.c -o ft_strdup.o -I./
clang -Wall -Wextra -Werror -c ft_substr.c -o ft_substr.o -I./
clang -Wall -Wextra -Werror -c ft_strjoin.c -o ft_strjoin.o -I./
clang -Wall -Wextra -Werror -c ft_strtrim.c -o ft_strtrim.o -I./
clang -Wall -Wextra -Werror -c ft_split.c -o ft_split.o -I./
clang -Wall -Wextra -Werror -c ft_itoa.c -o ft_itoa.o -I./
clang -Wall -Wextra -Werror -c ft_strmapi.c -o ft_strmapi.o -I./
clang -Wall -Wextra -Werror -c ft_striteri.c -o ft_striteri.o -I./
clang -Wall -Wextra -Werror -c ft_putchar_fd.c -o ft_putchar_fd.o -I./
clang -Wall -Wextra -Werror -c ft_putstr_fd.c -o ft_putstr_fd.o -I./
clang -Wall -Wextra -Werror -c ft_putendl_fd.c -o ft_putendl_fd.o -I./
clang -Wall -Wextra -Werror -c ft_putnbr_fd.c -o ft_putnbr_fd.o -I./
ar rc libft.a ft_isalpha.o ft_isdigit.o ft_isalnum.o ft_isascii.o ft_isprint.o ft_strlen.o ft_memset.o ft_bzero.o ft_memcpy.o ft_memmove.o ft_strlcpy.o ft_strlcat.o ft_toupper.o ft_tolower.o ft_strchr.o ft_strrchr.o ft_strncmp.o ft_memchr.o ft_memcmp.o ft_strnstr.o ft_atoi.o ft_calloc.o ft_strdup.o ft_substr.o ft_strjoin.o ft_strtrim.o ft_split.o ft_itoa.o ft_strmapi.o ft_striteri.o ft_putchar_fd.o ft_putstr_fd.o ft_putendl_fd.o ft_putnbr_fd.o
clang -Wall -Wextra -Werror -c ft_lstnew.c -o ft_lstnew.o -I./
clang -Wall -Wextra -Werror -c ft_lstadd_front.c -o ft_lstadd_front.o -I./
clang -Wall -Wextra -Werror -c ft_lstsize.c -o ft_lstsize.o -I./
clang -Wall -Wextra -Werror -c ft_lstlast.c -o ft_lstlast.o -I./
clang -Wall -Wextra -Werror -c ft_lstadd_back.c -o ft_lstadd_back.o -I./
clang -Wall -Wextra -Werror -c ft_lstdelone.c -o ft_lstdelone.o -I./
clang -Wall -Wextra -Werror -c ft_lstclear.c -o ft_lstclear.o -I./
clang -Wall -Wextra -Werror -c ft_lstiter.c -o ft_lstiter.o -I./
clang -Wall -Wextra -Werror -c ft_lstmap.c -o ft_lstmap.o -I./
ar rc libft.a ft_isalpha.o ft_isdigit.o ft_isalnum.o ft_isascii.o ft_isprint.o ft_strlen.o ft_memset.o ft_bzero.o ft_memcpy.o ft_memmove.o ft_strlcpy.o ft_strlcat.o ft_toupper.o ft_tolower.o ft_strchr.o ft_strrchr.o ft_strncmp.o ft_memchr.o ft_memcmp.o ft_strnstr.o ft_atoi.o ft_calloc.o ft_strdup.o ft_substr.o ft_strjoin.o ft_strtrim.o ft_split.o ft_itoa.o ft_strmapi.o ft_striteri.o ft_putchar_fd.o ft_putstr_fd.o ft_putendl_fd.o ft_putnbr_fd.o ft_lstnew.o ft_lstadd_front.o ft_lstsize.o ft_lstlast.o ft_lstadd_back.o ft_lstdelone.o ft_lstclear.o ft_lstiter.o ft_lstmap.o

$> ls -la libft.a
-rw-r--r--  1 ohw  staff  36896 11 25 16:26 /Users/ohw/42git/ohw/libft/test/temp/tmp_tests_dir/libft.a

= Part1_functions ==============================================================

= ft_atoi ======================================================================
$> norminette ft_atoi.c | grep -E '(Error|Warning)'
/Users/ohw/42git/ohw/libft/test/temp/tmp_tests_dir/ft_atoi.c: Error!
Error: TOO_MANY_LINES       (line:  60, col:   1):	Function has more than 25 lines
Norme check failed
$> clang -Wextra -Wall -Werror /Users/ohw/42git/ohw/libft/test/temp/tests/Part1_functions/ft_atoi/main.c -L/Users/ohw/42git/ohw/libft/test/temp/tmp_tests_dir -lft -I/Users/ohw/42git/ohw/libft/test/temp/tmp_tests_dir

/Users/ohw/42git/ohw/libft/test/temp/tests/Part1_functions/ft_atoi/main.c:47:19: error: implicit declaration of function 'ft_atoi' is invalid in C99 [-Werror,-Wimplicit-function-declaration]
                ft_print_result(ft_atoi("0"));
                                ^
1 error generated.

= ft_bzero =====================================================================
$> norminette ft_bzero.c | grep -E '(Error|Warning)'
/Users/ohw/42git/ohw/libft/test/temp/tmp_tests_dir/ft_bzero.c: Error!
Error: SPACE_REPLACE_TAB    (line:  13, col:  21):	Found space when expecting tab
Error: USER_DEFINED_TYPEDEF (line:  13, col:  22):	User defined typedef must start with t_
Norme check failed
$> clang -Wextra -Wall -Werror /Users/ohw/42git/ohw/libft/test/temp/tests/Part1_functions/ft_bzero/main.c -L/Users/ohw/42git/ohw/libft/test/temp/tmp_tests_dir -lft -I/Users/ohw/42git/ohw/libft/test/temp/tmp_tests_dir

/Users/ohw/42git/ohw/libft/test/temp/tests/Part1_functions/ft_bzero/main.c:21:2: error: implicit declaration of function 'ft_bzero' is invalid in C99 [-Werror,-Wimplicit-function-declaration]
        ft_bzero(mem, n_bzero);
        ^
1 error generated.

= ft_calloc ====================================================================
$> norminette ft_calloc.c | grep -E '(Error|Warning)'
/Users/ohw/42git/ohw/libft/test/temp/tmp_tests_dir/ft_calloc.c: Error!
Error: SPACE_EMPTY_LINE     (line:  30, col:   1):	Space on empty line
Norme check failed
$> clang -Wextra -Wall -Werror /Users/ohw/42git/ohw/libft/test/temp/tests/Part1_functions/ft_calloc/main.c -L/Users/ohw/42git/ohw/libft/test/temp/tmp_tests_dir -lft -I/Users/ohw/42git/ohw/libft/test/temp/tmp_tests_dir

/Users/ohw/42git/ohw/libft/test/temp/tests/Part1_functions/ft_calloc/main.c:26:17: error: implicit declaration of function 'ft_calloc' is invalid in C99 [-Werror,-Wimplicit-function-declaration]
                str = (char *)ft_calloc(30, sizeof(char));
                              ^
/Users/ohw/42git/ohw/libft/test/temp/tests/Part1_functions/ft_calloc/main.c:26:17: note: did you mean 'calloc'?
/Library/Developer/CommandLineTools/SDKs/MacOSX.sdk/usr/include/malloc/_malloc.h:41:7: note: 'calloc' declared here
void    *calloc(size_t __count, size_t __size) __result_use_check __alloc_size(1,2);
         ^
/Users/ohw/42git/ohw/libft/test/temp/tests/Part1_functions/ft_calloc/main.c:26:9: error: cast to 'char *' from smaller integer type 'int' [-Werror,-Wint-to-pointer-cast]
                str = (char *)ft_calloc(30, sizeof(char));
                      ^~~~~~~~~~~~~~~~~~~~~~~~~~~~~~~~~~~
2 errors generated.

= ft_isalnum ===================================================================
$> norminette ft_isalnum.c | grep -E '(Error|Warning)'
/Users/ohw/42git/ohw/libft/test/temp/tmp_tests_dir/ft_isalnum.c: Error!
Error: MIXED_SPACE_TAB      (line:  16, col:   1):	Mixed spaces and tabs
Error: TOO_FEW_TAB          (line:  16, col:   1):	Missing tabs for indent level
Error: CONSECUTIVE_SPC      (line:  16, col:   5):	Two or more consecutives spaces
Error: MIXED_SPACE_TAB      (line:  18, col:   1):	Mixed spaces and tabs
Error: TOO_FEW_TAB          (line:  18, col:   1):	Missing tabs for indent level
Error: CONSECUTIVE_SPC      (line:  18, col:   5):	Two or more consecutives spaces
Error: MIXED_SPACE_TAB      (line:  20, col:   1):	Mixed spaces and tabs
Error: TOO_FEW_TAB          (line:  20, col:   1):	Missing tabs for indent level
Error: CONSECUTIVE_SPC      (line:  20, col:   5):	Two or more consecutives spaces
Norme check failed
$> clang -Wextra -Wall -Werror /Users/ohw/42git/ohw/libft/test/temp/tests/Part1_functions/ft_isalnum/main.c -L/Users/ohw/42git/ohw/libft/test/temp/tmp_tests_dir -lft -I/Users/ohw/42git/ohw/libft/test/temp/tmp_tests_dir

/Users/ohw/42git/ohw/libft/test/temp/tests/Part1_functions/ft_isalnum/main.c:30:19: error: implicit declaration of function 'ft_isalnum' is invalid in C99 [-Werror,-Wimplicit-function-declaration]
                ft_print_result(ft_isalnum(start));
                                ^
/Users/ohw/42git/ohw/libft/test/temp/tests/Part1_functions/ft_isalnum/main.c:30:19: note: did you mean 'isalnum'?
/Library/Developer/CommandLineTools/SDKs/MacOSX.sdk/usr/include/_ctype.h:212:1: note: 'isalnum' declared here
isalnum(int _c)
^
1 error generated.

= ft_isalpha ===================================================================
$> norminette ft_isalpha.c | grep -E '(Error|Warning)'
/Users/ohw/42git/ohw/libft/test/temp/tmp_tests_dir/ft_isalpha.c: Error!
Error: EMPTY_LINE_FUNCTION  (line:  15, col:   1):	Empty line in function
Norme check failed
$> clang -Wextra -Wall -Werror /Users/ohw/42git/ohw/libft/test/temp/tests/Part1_functions/ft_isalpha/main.c -L/Users/ohw/42git/ohw/libft/test/temp/tmp_tests_dir -lft -I/Users/ohw/42git/ohw/libft/test/temp/tmp_tests_dir

/Users/ohw/42git/ohw/libft/test/temp/tests/Part1_functions/ft_isalpha/main.c:30:19: error: implicit declaration of function 'ft_isalpha' is invalid in C99 [-Werror,-Wimplicit-function-declaration]
                ft_print_result(ft_isalpha(start));
                                ^
/Users/ohw/42git/ohw/libft/test/temp/tests/Part1_functions/ft_isalpha/main.c:30:19: note: did you mean 'isalpha'?
/Library/Developer/CommandLineTools/SDKs/MacOSX.sdk/usr/include/_ctype.h:218:1: note: 'isalpha' declared here
isalpha(int _c)
^
1 error generated.

= ft_isascii ===================================================================
$> norminette ft_isascii.c | grep -E '(Error|Warning)'
$> clang -Wextra -Wall -Werror /Users/ohw/42git/ohw/libft/test/temp/tests/Part1_functions/ft_isascii/main.c -L/Users/ohw/42git/ohw/libft/test/temp/tmp_tests_dir -lft -I/Users/ohw/42git/ohw/libft/test/temp/tmp_tests_dir

/Users/ohw/42git/ohw/libft/test/temp/tests/Part1_functions/ft_isascii/main.c:30:19: error: implicit declaration of function 'ft_isascii' is invalid in C99 [-Werror,-Wimplicit-function-declaration]
                ft_print_result(ft_isascii(start));
                                ^
/Users/ohw/42git/ohw/libft/test/temp/tests/Part1_functions/ft_isascii/main.c:30:19: note: did you mean 'isascii'?
/Library/Developer/CommandLineTools/SDKs/MacOSX.sdk/usr/include/_ctype.h:135:1: note: 'isascii' declared here
isascii(int _c)
^
1 error generated.

= ft_isdigit ===================================================================
$> norminette ft_isdigit.c | grep -E '(Error|Warning)'
$> clang -Wextra -Wall -Werror /Users/ohw/42git/ohw/libft/test/temp/tests/Part1_functions/ft_isdigit/main.c -L/Users/ohw/42git/ohw/libft/test/temp/tmp_tests_dir -lft -I/Users/ohw/42git/ohw/libft/test/temp/tmp_tests_dir

/Users/ohw/42git/ohw/libft/test/temp/tests/Part1_functions/ft_isdigit/main.c:30:19: error: implicit declaration of function 'ft_isdigit' is invalid in C99 [-Werror,-Wimplicit-function-declaration]
                ft_print_result(ft_isdigit(start));
                                ^
/Users/ohw/42git/ohw/libft/test/temp/tests/Part1_functions/ft_isdigit/main.c:30:19: note: did you mean 'isdigit'?
/Library/Developer/CommandLineTools/SDKs/MacOSX.sdk/usr/include/_ctype.h:237:1: note: 'isdigit' declared here
isdigit(int _c)
^
1 error generated.

= ft_isprint ===================================================================
$> norminette ft_isprint.c | grep -E '(Error|Warning)'
$> clang -Wextra -Wall -Werror /Users/ohw/42git/ohw/libft/test/temp/tests/Part1_functions/ft_isprint/main.c -L/Users/ohw/42git/ohw/libft/test/temp/tmp_tests_dir -lft -I/Users/ohw/42git/ohw/libft/test/temp/tmp_tests_dir

/Users/ohw/42git/ohw/libft/test/temp/tests/Part1_functions/ft_isprint/main.c:30:19: error: implicit declaration of function 'ft_isprint' is invalid in C99 [-Werror,-Wimplicit-function-declaration]
                ft_print_result(ft_isprint(start));
                                ^
/Users/ohw/42git/ohw/libft/test/temp/tests/Part1_functions/ft_isprint/main.c:30:19: note: did you mean 'isprint'?
/Library/Developer/CommandLineTools/SDKs/MacOSX.sdk/usr/include/_ctype.h:255:1: note: 'isprint' declared here
isprint(int _c)
^
1 error generated.

= ft_memccpy ===================================================================
Nothing turned in

= ft_memchr ====================================================================
$> norminette ft_memchr.c | grep -E '(Error|Warning)'
/Users/ohw/42git/ohw/libft/test/temp/tmp_tests_dir/ft_memchr.c: Error!
Error: SPACE_REPLACE_TAB    (line:  13, col:  21):	Found space when expecting tab
Error: USER_DEFINED_TYPEDEF (line:  13, col:  22):	User defined typedef must start with t_
Norme check failed
$> clang -Wextra -Wall -Werror /Users/ohw/42git/ohw/libft/test/temp/tests/Part1_functions/ft_memchr/main.c -L/Users/ohw/42git/ohw/libft/test/temp/tmp_tests_dir -lft -I/Users/ohw/42git/ohw/libft/test/temp/tmp_tests_dir

/Users/ohw/42git/ohw/libft/test/temp/tests/Part1_functions/ft_memchr/main.c:33:8: error: implicit declaration of function 'ft_memchr' is invalid in C99 [-Werror,-Wimplicit-function-declaration]
        str = ft_memchr(s, c, n);
              ^
/Users/ohw/42git/ohw/libft/test/temp/tests/Part1_functions/ft_memchr/main.c:33:8: note: did you mean 'memchr'?
/Library/Developer/CommandLineTools/SDKs/MacOSX.sdk/usr/include/string.h:70:7: note: 'memchr' declared here
void    *memchr(const void *__s, int __c, size_t __n);
         ^
/Users/ohw/42git/ohw/libft/test/temp/tests/Part1_functions/ft_memchr/main.c:33:6: error: incompatible integer to pointer conversion assigning to 'const char *' from 'int' [-Werror,-Wint-conversion]
        str = ft_memchr(s, c, n);
            ^ ~~~~~~~~~~~~~~~~~~
/Users/ohw/42git/ohw/libft/test/temp/tests/Part1_functions/ft_memchr/main.c:61:24: error: implicit declaration of function 'ft_memchr' is invalid in C99 [-Werror,-Wimplicit-function-declaration]
                printf("%s", (char *)ft_memchr(tab, -1, 7));
                                     ^
/Users/ohw/42git/ohw/libft/test/temp/tests/Part1_functions/ft_memchr/main.c:61:16: error: cast to 'char *' from smaller integer type 'int' [-Werror,-Wint-to-pointer-cast]
                printf("%s", (char *)ft_memchr(tab, -1, 7));
                             ^~~~~~~~~~~~~~~~~~~~~~~~~~~~~
4 errors generated.

= ft_memcmp ====================================================================
$> norminette ft_memcmp.c | grep -E '(Error|Warning)'
/Users/ohw/42git/ohw/libft/test/temp/tmp_tests_dir/ft_memcmp.c: Error!
Error: SPACE_REPLACE_TAB    (line:  13, col:  21):	Found space when expecting tab
Error: USER_DEFINED_TYPEDEF (line:  13, col:  22):	User defined typedef must start with t_
Norme check failed
$> clang -Wextra -Wall -Werror /Users/ohw/42git/ohw/libft/test/temp/tests/Part1_functions/ft_memcmp/main.c -L/Users/ohw/42git/ohw/libft/test/temp/tmp_tests_dir -lft -I/Users/ohw/42git/ohw/libft/test/temp/tmp_tests_dir

/Users/ohw/42git/ohw/libft/test/temp/tests/Part1_functions/ft_memcmp/main.c:36:19: error: implicit declaration of function 'ft_memcmp' is invalid in C99 [-Werror,-Wimplicit-function-declaration]
                ft_print_result(ft_memcmp("salut", "salut", 5));
                                ^
/Users/ohw/42git/ohw/libft/test/temp/tests/Part1_functions/ft_memcmp/main.c:36:19: note: did you mean 'memcmp'?
/Library/Developer/CommandLineTools/SDKs/MacOSX.sdk/usr/include/string.h:71:6: note: 'memcmp' declared here
int      memcmp(const void *__s1, const void *__s2, size_t __n);
         ^
1 error generated.

= ft_memcpy ====================================================================
$> norminette ft_memcpy.c | grep -E '(Error|Warning)'
/Users/ohw/42git/ohw/libft/test/temp/tmp_tests_dir/ft_memcpy.c: Error!
Error: SPACE_REPLACE_TAB    (line:  13, col:  21):	Found space when expecting tab
Error: USER_DEFINED_TYPEDEF (line:  13, col:  22):	User defined typedef must start with t_
Norme check failed
$> clang -Wextra -Wall -Werror /Users/ohw/42git/ohw/libft/test/temp/tests/Part1_functions/ft_memcpy/main.c -L/Users/ohw/42git/ohw/libft/test/temp/tmp_tests_dir -lft -I/Users/ohw/42git/ohw/libft/test/temp/tmp_tests_dir

/Users/ohw/42git/ohw/libft/test/temp/tests/Part1_functions/ft_memcpy/main.c:20:14: error: implicit declaration of function 'ft_memcpy' is invalid in C99 [-Werror,-Wimplicit-function-declaration]
        if (dest != ft_memcpy(dest, src, n))
                    ^
/Users/ohw/42git/ohw/libft/test/temp/tests/Part1_functions/ft_memcpy/main.c:20:14: note: did you mean 'memcpy'?
/Library/Developer/CommandLineTools/SDKs/MacOSX.sdk/usr/include/string.h:72:7: note: 'memcpy' declared here
void    *memcpy(void *__dst, const void *__src, size_t __n);
         ^
/Users/ohw/42git/ohw/libft/test/temp/tests/Part1_functions/ft_memcpy/main.c:20:11: error: comparison between pointer and integer ('void *' and 'int') [-Werror,-Wpointer-integer-compare]
        if (dest != ft_memcpy(dest, src, n))
            ~~~~ ^  ~~~~~~~~~~~~~~~~~~~~~~~
2 errors generated.

= ft_memmove ===================================================================
$> norminette ft_memmove.c | grep -E '(Error|Warning)'
$> clang -Wextra -Wall -Werror /Users/ohw/42git/ohw/libft/test/temp/tests/Part1_functions/ft_memmove/main.c -L/Users/ohw/42git/ohw/libft/test/temp/tmp_tests_dir -lft -I/Users/ohw/42git/ohw/libft/test/temp/tmp_tests_dir

= Test 1 ===================================================
$> ./user_exe 01
$> diff -U 3 user_output_test01 test01.output

Diff OK :D
= Test 2 ===================================================
$> ./user_exe 02
$> diff -U 3 user_output_test02 test02.output

Diff OK :D
= Test 3 ===================================================
$> ./user_exe 03
$> diff -U 3 user_output_test03 test03.output

Diff OK :D
= Test 4 ===================================================
$> ./user_exe 04
$> diff -U 3 user_output_test04 test04.output

Diff OK :D
= Test 5 ===================================================
$> ./user_exe 05
$> diff -U 3 user_output_test05 test05.output

Diff OK :D

= ft_memset ====================================================================
$> norminette ft_memset.c | grep -E '(Error|Warning)'
/Users/ohw/42git/ohw/libft/test/temp/tmp_tests_dir/ft_memset.c: Error!
Error: SPACE_REPLACE_TAB    (line:  13, col:  21):	Found space when expecting tab
Error: USER_DEFINED_TYPEDEF (line:  13, col:  22):	User defined typedef must start with t_
Norme check failed
$> clang -Wextra -Wall -Werror /Users/ohw/42git/ohw/libft/test/temp/tests/Part1_functions/ft_memset/main.c -L/Users/ohw/42git/ohw/libft/test/temp/tmp_tests_dir -lft -I/Users/ohw/42git/ohw/libft/test/temp/tmp_tests_dir

/Users/ohw/42git/ohw/libft/test/temp/tests/Part1_functions/ft_memset/main.c:20:13: error: implicit declaration of function 'ft_memset' is invalid in C99 [-Werror,-Wimplicit-function-declaration]
        if (mem != ft_memset(mem, c, n))
                   ^
/Users/ohw/42git/ohw/libft/test/temp/tests/Part1_functions/ft_memset/main.c:20:13: note: did you mean 'memset'?
/Library/Developer/CommandLineTools/SDKs/MacOSX.sdk/usr/include/string.h:74:7: note: 'memset' declared here
void    *memset(void *__b, int __c, size_t __len);
         ^
/Users/ohw/42git/ohw/libft/test/temp/tests/Part1_functions/ft_memset/main.c:20:10: error: comparison between pointer and integer ('void *' and 'int') [-Werror,-Wpointer-integer-compare]
        if (mem != ft_memset(mem, c, n))
            ~~~ ^  ~~~~~~~~~~~~~~~~~~~~
2 errors generated.

= ft_strchr ====================================================================
$> norminette ft_strchr.c | grep -E '(Error|Warning)'
$> clang -Wextra -Wall -Werror /Users/ohw/42git/ohw/libft/test/temp/tests/Part1_functions/ft_strchr/main.c -L/Users/ohw/42git/ohw/libft/test/temp/tmp_tests_dir -lft -I/Users/ohw/42git/ohw/libft/test/temp/tmp_tests_dir

/Users/ohw/42git/ohw/libft/test/temp/tests/Part1_functions/ft_strchr/main.c:32:14: error: implicit declaration of function 'ft_strchr' is invalid in C99 [-Werror,-Wimplicit-function-declaration]
        if (!(str = ft_strchr(s, c)))
                    ^
/Users/ohw/42git/ohw/libft/test/temp/tests/Part1_functions/ft_strchr/main.c:32:14: note: did you mean 'strchr'?
/Library/Developer/CommandLineTools/SDKs/MacOSX.sdk/usr/include/string.h:76:7: note: 'strchr' declared here
char    *strchr(const char *__s, int __c);
         ^
/Users/ohw/42git/ohw/libft/test/temp/tests/Part1_functions/ft_strchr/main.c:32:12: error: incompatible integer to pointer conversion assigning to 'char *' from 'int' [-Werror,-Wint-conversion]
        if (!(str = ft_strchr(s, c)))
                  ^ ~~~~~~~~~~~~~~~
2 errors generated.

= ft_strdup ====================================================================
$> norminette ft_strdup.c | grep -E '(Error|Warning)'
$> clang -Wextra -Wall -Werror /Users/ohw/42git/ohw/libft/test/temp/tests/Part1_functions/ft_strdup/main.c -L/Users/ohw/42git/ohw/libft/test/temp/tmp_tests_dir -lft -I/Users/ohw/42git/ohw/libft/test/temp/tmp_tests_dir

/Users/ohw/42git/ohw/libft/test/temp/tests/Part1_functions/ft_strdup/main.c:38:19: error: implicit declaration of function 'ft_strdup' is invalid in C99 [-Werror,-Wimplicit-function-declaration]
                if (!(str_dup = ft_strdup(str)))
                                ^
/Users/ohw/42git/ohw/libft/test/temp/tests/Part1_functions/ft_strdup/main.c:38:19: note: did you mean 'strdup'?
/Library/Developer/CommandLineTools/SDKs/MacOSX.sdk/usr/include/string.h:117:7: note: 'strdup' declared here
char    *strdup(const char *__s1);
         ^
/Users/ohw/42git/ohw/libft/test/temp/tests/Part1_functions/ft_strdup/main.c:38:17: error: incompatible integer to pointer conversion assigning to 'char *' from 'int' [-Werror,-Wint-conversion]
                if (!(str_dup = ft_strdup(str)))
                              ^ ~~~~~~~~~~~~~~
2 errors generated.

= ft_strlcat ===================================================================
$> norminette ft_strlcat.c | grep -E '(Error|Warning)'
$> clang -Wextra -Wall -Werror /Users/ohw/42git/ohw/libft/test/temp/tests/Part1_functions/ft_strlcat/main.c -L/Users/ohw/42git/ohw/libft/test/temp/tmp_tests_dir -lft -I/Users/ohw/42git/ohw/libft/test/temp/tmp_tests_dir

/Users/ohw/42git/ohw/libft/test/temp/tests/Part1_functions/ft_strlcat/main.c:30:18: error: implicit declaration of function 'ft_strlcat' is invalid in C99 [-Werror,-Wimplicit-function-declaration]
        ft_print_result(ft_strlcat(dest, src, size));
                        ^
/Users/ohw/42git/ohw/libft/test/temp/tests/Part1_functions/ft_strlcat/main.c:30:18: note: did you mean 'strlcat'?
/Library/Developer/CommandLineTools/SDKs/MacOSX.sdk/usr/include/string.h:162:9: note: 'strlcat' declared here
size_t   strlcat(char *__dst, const char *__source, size_t __size);
         ^
1 error generated.

= ft_strlcpy ===================================================================
$> norminette ft_strlcpy.c | grep -E '(Error|Warning)'
$> clang -Wextra -Wall -Werror /Users/ohw/42git/ohw/libft/test/temp/tests/Part1_functions/ft_strlcpy/main.c -L/Users/ohw/42git/ohw/libft/test/temp/tmp_tests_dir -lft -I/Users/ohw/42git/ohw/libft/test/temp/tmp_tests_dir

/Users/ohw/42git/ohw/libft/test/temp/tests/Part1_functions/ft_strlcpy/main.c:31:18: error: implicit declaration of function 'ft_strlcpy' is invalid in C99 [-Werror,-Wimplicit-function-declaration]
        ft_print_result(ft_strlcpy(dest, src, size));
                        ^
/Users/ohw/42git/ohw/libft/test/temp/tests/Part1_functions/ft_strlcpy/main.c:31:18: note: did you mean 'strlcpy'?
/Library/Developer/CommandLineTools/SDKs/MacOSX.sdk/usr/include/string.h:163:9: note: 'strlcpy' declared here
size_t   strlcpy(char *__dst, const char *__source, size_t __size);
         ^
1 error generated.

= ft_strlen ====================================================================
$> norminette ft_strlen.c | grep -E '(Error|Warning)'
$> clang -Wextra -Wall -Werror /Users/ohw/42git/ohw/libft/test/temp/tests/Part1_functions/ft_strlen/main.c -L/Users/ohw/42git/ohw/libft/test/temp/tmp_tests_dir -lft -I/Users/ohw/42git/ohw/libft/test/temp/tmp_tests_dir

/Users/ohw/42git/ohw/libft/test/temp/tests/Part1_functions/ft_strlen/main.c:36:19: error: implicit declaration of function 'ft_strlen' is invalid in C99 [-Werror,-Wimplicit-function-declaration]
                ft_print_result(ft_strlen("Hello !"));
                                ^
/Users/ohw/42git/ohw/libft/test/temp/tests/Part1_functions/ft_strlen/main.c:36:19: note: did you mean 'strlen'?
/Library/Developer/CommandLineTools/SDKs/MacOSX.sdk/usr/include/string.h:82:9: note: 'strlen' declared here
size_t   strlen(const char *__s);
         ^
1 error generated.

= ft_strncmp ===================================================================
$> norminette ft_strncmp.c | grep -E '(Error|Warning)'
/Users/ohw/42git/ohw/libft/test/temp/tmp_tests_dir/ft_strncmp.c: Error!
Error: SPACE_REPLACE_TAB    (line:  13, col:  21):	Found space when expecting tab
Error: USER_DEFINED_TYPEDEF (line:  13, col:  22):	User defined typedef must start with t_
Norme check failed
$> clang -Wextra -Wall -Werror /Users/ohw/42git/ohw/libft/test/temp/tests/Part1_functions/ft_strncmp/main.c -L/Users/ohw/42git/ohw/libft/test/temp/tmp_tests_dir -lft -I/Users/ohw/42git/ohw/libft/test/temp/tmp_tests_dir

/Users/ohw/42git/ohw/libft/test/temp/tests/Part1_functions/ft_strncmp/main.c:36:19: error: implicit declaration of function 'ft_strncmp' is invalid in C99 [-Werror,-Wimplicit-function-declaration]
                ft_print_result(ft_strncmp("salut", "salut", 5));
                                ^
/Users/ohw/42git/ohw/libft/test/temp/tests/Part1_functions/ft_strncmp/main.c:36:19: note: did you mean 'strncmp'?
/Library/Developer/CommandLineTools/SDKs/MacOSX.sdk/usr/include/string.h:84:6: note: 'strncmp' declared here
int      strncmp(const char *__s1, const char *__s2, size_t __n);
         ^
1 error generated.

= ft_strnstr ===================================================================
$> norminette ft_strnstr.c | grep -E '(Error|Warning)'
/Users/ohw/42git/ohw/libft/test/temp/tmp_tests_dir/ft_strnstr.c: Error!
Error: SPACE_REPLACE_TAB    (line:  13, col:  21):	Found space when expecting tab
Error: USER_DEFINED_TYPEDEF (line:  13, col:  22):	User defined typedef must start with t_
Norme check failed
$> clang -Wextra -Wall -Werror /Users/ohw/42git/ohw/libft/test/temp/tests/Part1_functions/ft_strnstr/main.c -L/Users/ohw/42git/ohw/libft/test/temp/tmp_tests_dir -lft -I/Users/ohw/42git/ohw/libft/test/temp/tmp_tests_dir

/Users/ohw/42git/ohw/libft/test/temp/tests/Part1_functions/ft_strnstr/main.c:31:14: error: implicit declaration of function 'ft_strnstr' is invalid in C99 [-Werror,-Wimplicit-function-declaration]
        if (!(str = ft_strnstr(big, little, len)))
                    ^
/Users/ohw/42git/ohw/libft/test/temp/tests/Part1_functions/ft_strnstr/main.c:31:12: error: incompatible integer to pointer conversion assigning to 'const char *' from 'int' [-Werror,-Wint-conversion]
        if (!(str = ft_strnstr(big, little, len)))
                  ^ ~~~~~~~~~~~~~~~~~~~~~~~~~~~~
2 errors generated.

= ft_strrchr ===================================================================
$> norminette ft_strrchr.c | grep -E '(Error|Warning)'
/Users/ohw/42git/ohw/libft/test/temp/tmp_tests_dir/ft_strrchr.c: Error!
Error: WRONG_SCOPE_COMMENT  (line:  25, col:   5):	Comment is invalid in this scope
Norme check failed
$> clang -Wextra -Wall -Werror /Users/ohw/42git/ohw/libft/test/temp/tests/Part1_functions/ft_strrchr/main.c -L/Users/ohw/42git/ohw/libft/test/temp/tmp_tests_dir -lft -I/Users/ohw/42git/ohw/libft/test/temp/tmp_tests_dir

/Users/ohw/42git/ohw/libft/test/temp/tests/Part1_functions/ft_strrchr/main.c:32:14: error: implicit declaration of function 'ft_strrchr' is invalid in C99 [-Werror,-Wimplicit-function-declaration]
        if (!(str = ft_strrchr(s, c)))
                    ^
/Users/ohw/42git/ohw/libft/test/temp/tests/Part1_functions/ft_strrchr/main.c:32:14: note: did you mean 'strrchr'?
/Library/Developer/CommandLineTools/SDKs/MacOSX.sdk/usr/include/string.h:87:7: note: 'strrchr' declared here
char    *strrchr(const char *__s, int __c);
         ^
/Users/ohw/42git/ohw/libft/test/temp/tests/Part1_functions/ft_strrchr/main.c:32:12: error: incompatible integer to pointer conversion assigning to 'char *' from 'int' [-Werror,-Wint-conversion]
        if (!(str = ft_strrchr(s, c)))
                  ^ ~~~~~~~~~~~~~~~~
2 errors generated.

= ft_tolower ===================================================================
$> norminette ft_tolower.c | grep -E '(Error|Warning)'
$> clang -Wextra -Wall -Werror /Users/ohw/42git/ohw/libft/test/temp/tests/Part1_functions/ft_tolower/main.c -L/Users/ohw/42git/ohw/libft/test/temp/tmp_tests_dir -lft -I/Users/ohw/42git/ohw/libft/test/temp/tmp_tests_dir

/Users/ohw/42git/ohw/libft/test/temp/tests/Part1_functions/ft_tolower/main.c:24:7: error: implicit declaration of function 'ft_tolower' is invalid in C99 [-Werror,-Wimplicit-function-declaration]
                c = ft_tolower(start);
                    ^
1 error generated.

= ft_toupper ===================================================================
$> norminette ft_toupper.c | grep -E '(Error|Warning)'
$> clang -Wextra -Wall -Werror /Users/ohw/42git/ohw/libft/test/temp/tests/Part1_functions/ft_toupper/main.c -L/Users/ohw/42git/ohw/libft/test/temp/tmp_tests_dir -lft -I/Users/ohw/42git/ohw/libft/test/temp/tmp_tests_dir

/Users/ohw/42git/ohw/libft/test/temp/tests/Part1_functions/ft_toupper/main.c:23:7: error: implicit declaration of function 'ft_toupper' is invalid in C99 [-Werror,-Wimplicit-function-declaration]
                c = ft_toupper(start);
                    ^
1 error generated.

= Part2_functions ==============================================================

= ft_itoa ======================================================================
$> norminette ft_itoa.c | grep -E '(Error|Warning)'
/Users/ohw/42git/ohw/libft/test/temp/tmp_tests_dir/ft_itoa.c: Error!
Error: SPACE_EMPTY_LINE     (line:  38, col:   1):	Space on empty line
Error: TAB_INSTEAD_SPC      (line:  43, col:  21):	Found tab when expecting space
Error: TOO_MANY_LINES       (line:  61, col:   1):	Function has more than 25 lines
Norme check failed
$> clang -Wextra -Wall -Werror /Users/ohw/42git/ohw/libft/test/temp/tests/Part2_functions/ft_itoa/main.c -L/Users/ohw/42git/ohw/libft/test/temp/tmp_tests_dir -lft -I/Users/ohw/42git/ohw/libft/test/temp/tmp_tests_dir

/Users/ohw/42git/ohw/libft/test/temp/tests/Part2_functions/ft_itoa/main.c:41:19: error: implicit declaration of function 'ft_itoa' is invalid in C99 [-Werror,-Wimplicit-function-declaration]
                ft_print_result(ft_itoa(0));
                                ^
/Users/ohw/42git/ohw/libft/test/temp/tests/Part2_functions/ft_itoa/main.c:41:19: error: incompatible integer to pointer conversion passing 'int' to parameter of type 'char *' [-Werror,-Wint-conversion]
                ft_print_result(ft_itoa(0));
                                ^~~~~~~~~~
/Users/ohw/42git/ohw/libft/test/temp/tests/Part2_functions/ft_itoa/main.c:17:36: note: passing argument to parameter 's' here
static void             ft_print_result(char *s)
                                              ^
/Users/ohw/42git/ohw/libft/test/temp/tests/Part2_functions/ft_itoa/main.c:43:19: error: incompatible integer to pointer conversion passing 'int' to parameter of type 'char *' [-Werror,-Wint-conversion]
                ft_print_result(ft_itoa(9));
                                ^~~~~~~~~~
/Users/ohw/42git/ohw/libft/test/temp/tests/Part2_functions/ft_itoa/main.c:17:36: note: passing argument to parameter 's' here
static void             ft_print_result(char *s)
                                              ^
/Users/ohw/42git/ohw/libft/test/temp/tests/Part2_functions/ft_itoa/main.c:45:19: error: incompatible integer to pointer conversion passing 'int' to parameter of type 'char *' [-Werror,-Wint-conversion]
                ft_print_result(ft_itoa(-9));
                                ^~~~~~~~~~~
/Users/ohw/42git/ohw/libft/test/temp/tests/Part2_functions/ft_itoa/main.c:17:36: note: passing argument to parameter 's' here
static void             ft_print_result(char *s)
                                              ^
/Users/ohw/42git/ohw/libft/test/temp/tests/Part2_functions/ft_itoa/main.c:47:19: error: incompatible integer to pointer conversion passing 'int' to parameter of type 'char *' [-Werror,-Wint-conversion]
                ft_print_result(ft_itoa(10));
                                ^~~~~~~~~~~
/Users/ohw/42git/ohw/libft/test/temp/tests/Part2_functions/ft_itoa/main.c:17:36: note: passing argument to parameter 's' here
static void             ft_print_result(char *s)
                                              ^
/Users/ohw/42git/ohw/libft/test/temp/tests/Part2_functions/ft_itoa/main.c:49:19: error: incompatible integer to pointer conversion passing 'int' to parameter of type 'char *' [-Werror,-Wint-conversion]
                ft_print_result(ft_itoa(-10));
                                ^~~~~~~~~~~~
/Users/ohw/42git/ohw/libft/test/temp/tests/Part2_functions/ft_itoa/main.c:17:36: note: passing argument to parameter 's' here
static void             ft_print_result(char *s)
                                              ^
/Users/ohw/42git/ohw/libft/test/temp/tests/Part2_functions/ft_itoa/main.c:51:19: error: incompatible integer to pointer conversion passing 'int' to parameter of type 'char *' [-Werror,-Wint-conversion]
                ft_print_result(ft_itoa(8124));
                                ^~~~~~~~~~~~~
/Users/ohw/42git/ohw/libft/test/temp/tests/Part2_functions/ft_itoa/main.c:17:36: note: passing argument to parameter 's' here
static void             ft_print_result(char *s)
                                              ^
/Users/ohw/42git/ohw/libft/test/temp/tests/Part2_functions/ft_itoa/main.c:53:19: error: incompatible integer to pointer conversion passing 'int' to parameter of type 'char *' [-Werror,-Wint-conversion]
                ft_print_result(ft_itoa(-9874));
                                ^~~~~~~~~~~~~~
/Users/ohw/42git/ohw/libft/test/temp/tests/Part2_functions/ft_itoa/main.c:17:36: note: passing argument to parameter 's' here
static void             ft_print_result(char *s)
                                              ^
/Users/ohw/42git/ohw/libft/test/temp/tests/Part2_functions/ft_itoa/main.c:55:19: error: incompatible integer to pointer conversion passing 'int' to parameter of type 'char *' [-Werror,-Wint-conversion]
                ft_print_result(ft_itoa(543000));
                                ^~~~~~~~~~~~~~~
/Users/ohw/42git/ohw/libft/test/temp/tests/Part2_functions/ft_itoa/main.c:17:36: note: passing argument to parameter 's' here
static void             ft_print_result(char *s)
                                              ^
/Users/ohw/42git/ohw/libft/test/temp/tests/Part2_functions/ft_itoa/main.c:57:19: error: incompatible integer to pointer conversion passing 'int' to parameter of type 'char *' [-Werror,-Wint-conversion]
                ft_print_result(ft_itoa(-2147483648LL));
                                ^~~~~~~~~~~~~~~~~~~~~~
/Users/ohw/42git/ohw/libft/test/temp/tests/Part2_functions/ft_itoa/main.c:17:36: note: passing argument to parameter 's' here
static void             ft_print_result(char *s)
                                              ^
/Users/ohw/42git/ohw/libft/test/temp/tests/Part2_functions/ft_itoa/main.c:59:19: error: incompatible integer to pointer conversion passing 'int' to parameter of type 'char *' [-Werror,-Wint-conversion]
                ft_print_result(ft_itoa(2147483647));
                                ^~~~~~~~~~~~~~~~~~~
/Users/ohw/42git/ohw/libft/test/temp/tests/Part2_functions/ft_itoa/main.c:17:36: note: passing argument to parameter 's' here
static void             ft_print_result(char *s)
                                              ^
11 errors generated.

= ft_putchar_fd ================================================================
$> norminette ft_putchar_fd.c | grep -E '(Error|Warning)'
/Users/ohw/42git/ohw/libft/test/temp/tmp_tests_dir/ft_putchar_fd.c: Error!
Error: TAB_INSTEAD_SPC      (line:  16, col:  22):	Found tab when expecting space
Norme check failed
$> clang -Wextra -Wall -Werror /Users/ohw/42git/ohw/libft/test/temp/tests/Part2_functions/ft_putchar_fd/main.c -L/Users/ohw/42git/ohw/libft/test/temp/tmp_tests_dir -lft -I/Users/ohw/42git/ohw/libft/test/temp/tmp_tests_dir

/Users/ohw/42git/ohw/libft/test/temp/tests/Part2_functions/ft_putchar_fd/main.c:30:4: error: implicit declaration of function 'ft_putchar_fd' is invalid in C99 [-Werror,-Wimplicit-function-declaration]
                        ft_putchar_fd(i, 2);
                        ^
/Users/ohw/42git/ohw/libft/test/temp/tests/Part2_functions/ft_putchar_fd/main.c:39:4: error: implicit declaration of function 'ft_putchar_fd' is invalid in C99 [-Werror,-Wimplicit-function-declaration]
                        ft_putchar_fd(i, 1);
                        ^
/Users/ohw/42git/ohw/libft/test/temp/tests/Part2_functions/ft_putchar_fd/main.c:48:4: error: implicit declaration of function 'ft_putchar_fd' is invalid in C99 [-Werror,-Wimplicit-function-declaration]
                        ft_putchar_fd(i, 2);
                        ^
/Users/ohw/42git/ohw/libft/test/temp/tests/Part2_functions/ft_putchar_fd/main.c:57:4: error: implicit declaration of function 'ft_putchar_fd' is invalid in C99 [-Werror,-Wimplicit-function-declaration]
                        ft_putchar_fd(i, 1);
                        ^
/Users/ohw/42git/ohw/libft/test/temp/tests/Part2_functions/ft_putchar_fd/main.c:66:4: error: implicit declaration of function 'ft_putchar_fd' is invalid in C99 [-Werror,-Wimplicit-function-declaration]
                        ft_putchar_fd(i, 2);
                        ^
/Users/ohw/42git/ohw/libft/test/temp/tests/Part2_functions/ft_putchar_fd/main.c:75:4: error: implicit declaration of function 'ft_putchar_fd' is invalid in C99 [-Werror,-Wimplicit-function-declaration]
                        ft_putchar_fd(i, 1);
                        ^
/Users/ohw/42git/ohw/libft/test/temp/tests/Part2_functions/ft_putchar_fd/main.c:84:4: error: implicit declaration of function 'ft_putchar_fd' is invalid in C99 [-Werror,-Wimplicit-function-declaration]
                        ft_putchar_fd(i, 2);
                        ^
7 errors generated.

= ft_putendl_fd ================================================================
$> norminette ft_putendl_fd.c | grep -E '(Error|Warning)'
$> clang -Wextra -Wall -Werror /Users/ohw/42git/ohw/libft/test/temp/tests/Part2_functions/ft_putendl_fd/main.c -L/Users/ohw/42git/ohw/libft/test/temp/tmp_tests_dir -lft -I/Users/ohw/42git/ohw/libft/test/temp/tmp_tests_dir

/Users/ohw/42git/ohw/libft/test/temp/tests/Part2_functions/ft_putendl_fd/main.c:25:3: error: implicit declaration of function 'ft_putendl_fd' is invalid in C99 [-Werror,-Wimplicit-function-declaration]
                ft_putendl_fd("lorem ipsum dolor sit amet", 2);
                ^
1 error generated.

= ft_putnbr_fd =================================================================
$> norminette ft_putnbr_fd.c | grep -E '(Error|Warning)'
$> clang -Wextra -Wall -Werror /Users/ohw/42git/ohw/libft/test/temp/tests/Part2_functions/ft_putnbr_fd/main.c -L/Users/ohw/42git/ohw/libft/test/temp/tmp_tests_dir -lft -I/Users/ohw/42git/ohw/libft/test/temp/tmp_tests_dir

/Users/ohw/42git/ohw/libft/test/temp/tests/Part2_functions/ft_putnbr_fd/main.c:25:3: error: implicit declaration of function 'ft_putnbr_fd' is invalid in C99 [-Werror,-Wimplicit-function-declaration]
                ft_putnbr_fd(0, 2);
                ^
1 error generated.

= ft_putstr_fd =================================================================
$> norminette ft_putstr_fd.c | grep -E '(Error|Warning)'
$> clang -Wextra -Wall -Werror /Users/ohw/42git/ohw/libft/test/temp/tests/Part2_functions/ft_putstr_fd/main.c -L/Users/ohw/42git/ohw/libft/test/temp/tmp_tests_dir -lft -I/Users/ohw/42git/ohw/libft/test/temp/tmp_tests_dir

/Users/ohw/42git/ohw/libft/test/temp/tests/Part2_functions/ft_putstr_fd/main.c:25:3: error: implicit declaration of function 'ft_putstr_fd' is invalid in C99 [-Werror,-Wimplicit-function-declaration]
                ft_putstr_fd("lorem ipsum dolor sit amet", 2);
                ^
1 error generated.

= ft_split =====================================================================
$> norminette ft_split.c | grep -E '(Error|Warning)'
/Users/ohw/42git/ohw/libft/test/temp/tmp_tests_dir/ft_split.c: Error!
Error: TOO_FEW_TAB          (line:  17, col:   1):	Missing tabs for indent level
Error: SPACE_REPLACE_TAB    (line:  17, col:   5):	Found space when expecting tab
Error: TOO_FEW_TAB          (line:  19, col:   1):	Missing tabs for indent level
Error: SPACE_REPLACE_TAB    (line:  19, col:   5):	Found space when expecting tab
Error: TOO_FEW_TAB          (line:  20, col:   1):	Missing tabs for indent level
Error: SPACE_REPLACE_TAB    (line:  20, col:   5):	Found space when expecting tab
Error: TOO_FEW_TAB          (line:  21, col:   1):	Missing tabs for indent level
Error: SPACE_EMPTY_LINE     (line:  21, col:   5):	Space on empty line
Error: TOO_FEW_TAB          (line:  22, col:   1):	Missing tabs for indent level
Error: SPACE_REPLACE_TAB    (line:  22, col:   9):	Found space when expecting tab
Error: TOO_FEW_TAB          (line:  23, col:   1):	Missing tabs for indent level
Error: SPACE_EMPTY_LINE     (line:  23, col:   9):	Space on empty line
Error: TOO_FEW_TAB          (line:  24, col:   1):	Missing tabs for indent level
Error: SPACE_REPLACE_TAB    (line:  24, col:  13):	Found space when expecting tab
Error: TOO_FEW_TAB          (line:  25, col:   1):	Missing tabs for indent level
Error: SPACE_REPLACE_TAB    (line:  25, col:  13):	Found space when expecting tab
Error: TOO_FEW_TAB          (line:  26, col:   1):	Missing tabs for indent level
Error: SPACE_REPLACE_TAB    (line:  26, col:  17):	Found space when expecting tab
Error: TOO_FEW_TAB          (line:  27, col:   1):	Missing tabs for indent level
Error: SPACE_EMPTY_LINE     (line:  27, col:   9):	Space on empty line
Error: TOO_FEW_TAB          (line:  28, col:   1):	Missing tabs for indent level
Error: SPACE_EMPTY_LINE     (line:  28, col:   9):	Space on empty line
Error: TOO_FEW_TAB          (line:  29, col:   1):	Missing tabs for indent level
Error: SPACE_REPLACE_TAB    (line:  29, col:  13):	Found space when expecting tab
Error: TOO_FEW_TAB          (line:  30, col:   1):	Missing tabs for indent level
Error: SPACE_EMPTY_LINE     (line:  30, col:   5):	Space on empty line
Error: TOO_FEW_TAB          (line:  31, col:   1):	Missing tabs for indent level
Error: SPACE_REPLACE_TAB    (line:  31, col:   5):	Found space when expecting tab
Error: TOO_FEW_TAB          (line:  36, col:   1):	Missing tabs for indent level
Error: SPACE_REPLACE_TAB    (line:  36, col:   5):	Found space when expecting tab
Error: TOO_FEW_TAB          (line:  38, col:   1):	Missing tabs for indent level
Error: SPACE_REPLACE_TAB    (line:  38, col:   5):	Found space when expecting tab
Error: TOO_FEW_TAB          (line:  39, col:   1):	Missing tabs for indent level
Error: SPACE_REPLACE_TAB    (line:  39, col:   5):	Found space when expecting tab
Error: TOO_FEW_TAB          (line:  40, col:   1):	Missing tabs for indent level
Error: SPACE_REPLACE_TAB    (line:  40, col:   9):	Found space when expecting tab
Error: TOO_FEW_TAB          (line:  41, col:   1):	Missing tabs for indent level
Error: SPACE_REPLACE_TAB    (line:  41, col:   5):	Found space when expecting tab
Error: TOO_FEW_TAB          (line:  66, col:   1):	Missing tabs for indent level
Error: SPACE_REPLACE_TAB    (line:  66, col:   5):	Found space when expecting tab
Error: TOO_FEW_TAB          (line:  70, col:   1):	Missing tabs for indent level
Error: SPACE_REPLACE_TAB    (line:  70, col:   5):	Found space when expecting tab
Error: TOO_FEW_TAB          (line:  71, col:   1):	Missing tabs for indent level
Error: SPACE_REPLACE_TAB    (line:  71, col:   5):	Found space when expecting tab
Error: TOO_FEW_TAB          (line:  72, col:   1):	Missing tabs for indent level
Error: SPACE_EMPTY_LINE     (line:  72, col:   5):	Space on empty line
Error: TOO_FEW_TAB          (line:  73, col:   1):	Missing tabs for indent level
Error: SPACE_REPLACE_TAB    (line:  73, col:   9):	Found space when expecting tab
Error: TOO_FEW_TAB          (line:  74, col:   1):	Missing tabs for indent level
Error: SPACE_EMPTY_LINE     (line:  74, col:   9):	Space on empty line
Error: TOO_FEW_TAB          (line:  75, col:   1):	Missing tabs for indent level
Error: SPACE_REPLACE_TAB    (line:  75, col:  13):	Found space when expecting tab
Error: CONSECUTIVE_SPC      (line:  75, col:  38):	Two or more consecutives spaces
Error: SPC_BEFORE_NL        (line:  75, col:  48):	Space before newline
Error: TOO_FEW_TAB          (line:  78, col:   1):	Missing tabs for indent level
Error: SPACE_EMPTY_LINE     (line:  78, col:   9):	Space on empty line
Error: TOO_FEW_TAB          (line:  79, col:   1):	Missing tabs for indent level
Error: SPACE_EMPTY_LINE     (line:  79, col:   9):	Space on empty line
Error: TOO_FEW_TAB          (line:  80, col:   1):	Missing tabs for indent level
Error: SPACE_REPLACE_TAB    (line:  80, col:  13):	Found space when expecting tab
Error: TOO_FEW_TAB          (line:  81, col:   1):	Missing tabs for indent level
Error: SPACE_EMPTY_LINE     (line:  81, col:   5):	Space on empty line
Error: TOO_FEW_TAB          (line:  83, col:   1):	Missing tabs for indent level
Error: SPACE_REPLACE_TAB    (line:  83, col:   5):	Found space when expecting tab
Norme check failed
$> clang -Wextra -Wall -Werror /Users/ohw/42git/ohw/libft/test/temp/tests/Part2_functions/ft_split/main.c -L/Users/ohw/42git/ohw/libft/test/temp/tmp_tests_dir -lft -I/Users/ohw/42git/ohw/libft/test/temp/tmp_tests_dir

/Users/ohw/42git/ohw/libft/test/temp/tests/Part2_functions/ft_split/main.c:46:17: error: implicit declaration of function 'ft_split' is invalid in C99 [-Werror,-Wimplicit-function-declaration]
        if (!(tabstr = ft_split(s, c)))
                       ^
/Users/ohw/42git/ohw/libft/test/temp/tests/Part2_functions/ft_split/main.c:46:15: error: incompatible integer to pointer conversion assigning to 'char **' from 'int' [-Werror,-Wint-conversion]
        if (!(tabstr = ft_split(s, c)))
                     ^ ~~~~~~~~~~~~~~
2 errors generated.

= ft_strjoin ===================================================================
$> norminette ft_strjoin.c | grep -E '(Error|Warning)'
$> clang -Wextra -Wall -Werror /Users/ohw/42git/ohw/libft/test/temp/tests/Part2_functions/ft_strjoin/main.c -L/Users/ohw/42git/ohw/libft/test/temp/tmp_tests_dir -lft -I/Users/ohw/42git/ohw/libft/test/temp/tmp_tests_dir

/Users/ohw/42git/ohw/libft/test/temp/tests/Part2_functions/ft_strjoin/main.c:31:18: error: implicit declaration of function 'ft_strjoin' is invalid in C99 [-Werror,-Wimplicit-function-declaration]
        if (!(strjoin = ft_strjoin(s1, s2)))
                        ^
/Users/ohw/42git/ohw/libft/test/temp/tests/Part2_functions/ft_strjoin/main.c:31:16: error: incompatible integer to pointer conversion assigning to 'char *' from 'int' [-Werror,-Wint-conversion]
        if (!(strjoin = ft_strjoin(s1, s2)))
                      ^ ~~~~~~~~~~~~~~~~~~
2 errors generated.

= ft_strmapi ===================================================================
$> norminette ft_strmapi.c | grep -E '(Error|Warning)'
$> clang -Wextra -Wall -Werror /Users/ohw/42git/ohw/libft/test/temp/tests/Part2_functions/ft_strmapi/main.c -L/Users/ohw/42git/ohw/libft/test/temp/tmp_tests_dir -lft -I/Users/ohw/42git/ohw/libft/test/temp/tmp_tests_dir

/Users/ohw/42git/ohw/libft/test/temp/tests/Part2_functions/ft_strmapi/main.c:56:19: error: implicit declaration of function 'ft_strmapi' is invalid in C99 [-Werror,-Wimplicit-function-declaration]
                if (!(strmapi = ft_strmapi(str, &mapi)))
                                ^
/Users/ohw/42git/ohw/libft/test/temp/tests/Part2_functions/ft_strmapi/main.c:56:17: error: incompatible integer to pointer conversion assigning to 'char *' from 'int' [-Werror,-Wint-conversion]
                if (!(strmapi = ft_strmapi(str, &mapi)))
                              ^ ~~~~~~~~~~~~~~~~~~~~~~
2 errors generated.

= ft_strtrim ===================================================================
$> norminette ft_strtrim.c | grep -E '(Error|Warning)'
/Users/ohw/42git/ohw/libft/test/temp/tmp_tests_dir/ft_strtrim.c: Error!
Error: MIXED_SPACE_TAB      (line:  63, col:   1):	Mixed spaces and tabs
Error: TOO_FEW_TAB          (line:  63, col:   1):	Missing tabs for indent level
Error: CONSECUTIVE_SPC      (line:  63, col:   5):	Two or more consecutives spaces
Norme check failed
$> clang -Wextra -Wall -Werror /Users/ohw/42git/ohw/libft/test/temp/tests/Part2_functions/ft_strtrim/main.c -L/Users/ohw/42git/ohw/libft/test/temp/tmp_tests_dir -lft -I/Users/ohw/42git/ohw/libft/test/temp/tmp_tests_dir

/Users/ohw/42git/ohw/libft/test/temp/tests/Part2_functions/ft_strtrim/main.c:31:18: error: implicit declaration of function 'ft_strtrim' is invalid in C99 [-Werror,-Wimplicit-function-declaration]
        if (!(strtrim = ft_strtrim(s1, set)))
                        ^
/Users/ohw/42git/ohw/libft/test/temp/tests/Part2_functions/ft_strtrim/main.c:31:16: error: incompatible integer to pointer conversion assigning to 'char *' from 'int' [-Werror,-Wint-conversion]
        if (!(strtrim = ft_strtrim(s1, set)))
                      ^ ~~~~~~~~~~~~~~~~~~~
2 errors generated.

= ft_substr ====================================================================
$> norminette ft_substr.c | grep -E '(Error|Warning)'
$> clang -Wextra -Wall -Werror /Users/ohw/42git/ohw/libft/test/temp/tests/Part2_functions/ft_substr/main.c -L/Users/ohw/42git/ohw/libft/test/temp/tmp_tests_dir -lft -I/Users/ohw/42git/ohw/libft/test/temp/tmp_tests_dir

/Users/ohw/42git/ohw/libft/test/temp/tests/Part2_functions/ft_substr/main.c:31:17: error: implicit declaration of function 'ft_substr' is invalid in C99 [-Werror,-Wimplicit-function-declaration]
        if (!(substr = ft_substr(str, start, len)))
                       ^
/Users/ohw/42git/ohw/libft/test/temp/tests/Part2_functions/ft_substr/main.c:31:15: error: incompatible integer to pointer conversion assigning to 'char *' from 'int' [-Werror,-Wint-conversion]
        if (!(substr = ft_substr(str, start, len)))
                     ^ ~~~~~~~~~~~~~~~~~~~~~~~~~~
2 errors generated.

= Bonus_functions ==============================================================

= ft_lstadd_back ===============================================================
$> norminette ft_lstadd_back.c | grep -E '(Error|Warning)'
/Users/ohw/42git/ohw/libft/test/temp/tmp_tests_dir/ft_lstadd_back.c: Error!
Error: MIXED_SPACE_TAB      (line:  18, col:   1):	Mixed spaces and tabs
Error: TOO_FEW_TAB          (line:  18, col:   1):	Missing tabs for indent level
Error: CONSECUTIVE_SPC      (line:  18, col:   5):	Two or more consecutives spaces
Error: NO_SPC_AFR_PAR       (line:  27, col:  26):	Extra space after parenthesis (brace/bracket)
Norme check failed
$> clang -Wextra -Wall -Werror /Users/ohw/42git/ohw/libft/test/temp/tests/Bonus_functions/ft_lstadd_back/main.c -L/Users/ohw/42git/ohw/libft/test/temp/tmp_tests_dir -lft -I/Users/ohw/42git/ohw/libft/test/temp/tmp_tests_dir

/Users/ohw/42git/ohw/libft/test/temp/tests/Bonus_functions/ft_lstadd_back/main.c:123:3: error: implicit declaration of function 'ft_lstadd_back' is invalid in C99 [-Werror,-Wimplicit-function-declaration]
                ft_lstadd_back(&begin, elem4);
                ^
1 error generated.

= ft_lstadd_front ==============================================================
$> norminette ft_lstadd_front.c | grep -E '(Error|Warning)'
$> clang -Wextra -Wall -Werror /Users/ohw/42git/ohw/libft/test/temp/tests/Bonus_functions/ft_lstadd_front/main.c -L/Users/ohw/42git/ohw/libft/test/temp/tmp_tests_dir -lft -I/Users/ohw/42git/ohw/libft/test/temp/tmp_tests_dir

/Users/ohw/42git/ohw/libft/test/temp/tests/Bonus_functions/ft_lstadd_front/main.c:123:3: error: implicit declaration of function 'ft_lstadd_front' is invalid in C99 [-Werror,-Wimplicit-function-declaration]
                ft_lstadd_front(&begin, elem4);
                ^
1 error generated.

= ft_lstclear ==================================================================
$> norminette ft_lstclear.c | grep -E '(Error|Warning)'
/Users/ohw/42git/ohw/libft/test/temp/tmp_tests_dir/ft_lstclear.c: Error!
Error: NO_SPC_AFR_PAR       (line:  23, col:  21):	Extra space after parenthesis (brace/bracket)
Norme check failed
$> clang -Wextra -Wall -Werror /Users/ohw/42git/ohw/libft/test/temp/tests/Bonus_functions/ft_lstclear/main.c -L/Users/ohw/42git/ohw/libft/test/temp/tmp_tests_dir -lft -I/Users/ohw/42git/ohw/libft/test/temp/tmp_tests_dir

/Users/ohw/42git/ohw/libft/test/temp/tests/Bonus_functions/ft_lstclear/main.c:142:3: error: implicit declaration of function 'ft_lstclear' is invalid in C99 [-Werror,-Wimplicit-function-declaration]
                ft_lstclear(&elem3, &ft_delelem);
                ^
1 error generated.

= ft_lstdelone =================================================================
$> norminette ft_lstdelone.c | grep -E '(Error|Warning)'
$> clang -Wextra -Wall -Werror /Users/ohw/42git/ohw/libft/test/temp/tests/Bonus_functions/ft_lstdelone/main.c -L/Users/ohw/42git/ohw/libft/test/temp/tmp_tests_dir -lft -I/Users/ohw/42git/ohw/libft/test/temp/tmp_tests_dir

/Users/ohw/42git/ohw/libft/test/temp/tests/Bonus_functions/ft_lstdelone/main.c:143:3: error: implicit declaration of function 'ft_lstdelone' is invalid in C99 [-Werror,-Wimplicit-function-declaration]
                ft_lstdelone(elem3, &ft_del);
                ^
1 error generated.

= ft_lstiter ===================================================================
$> norminette ft_lstiter.c | grep -E '(Error|Warning)'
$> clang -Wextra -Wall -Werror /Users/ohw/42git/ohw/libft/test/temp/tests/Bonus_functions/ft_lstiter/main.c -L/Users/ohw/42git/ohw/libft/test/temp/tmp_tests_dir -lft -I/Users/ohw/42git/ohw/libft/test/temp/tmp_tests_dir

/Users/ohw/42git/ohw/libft/test/temp/tests/Bonus_functions/ft_lstiter/main.c:142:3: error: implicit declaration of function 'ft_lstiter' is invalid in C99 [-Werror,-Wimplicit-function-declaration]
                ft_lstiter(elem, (void *)&ft_modify_list_with_d);
                ^
1 error generated.

= ft_lstlast ===================================================================
$> norminette ft_lstlast.c | grep -E '(Error|Warning)'
/Users/ohw/42git/ohw/libft/test/temp/tmp_tests_dir/ft_lstlast.c: Error!
Error: MIXED_SPACE_TAB      (line:  18, col:   1):	Mixed spaces and tabs
Error: TOO_FEW_TAB          (line:  18, col:   1):	Missing tabs for indent level
Error: CONSECUTIVE_SPC      (line:  18, col:   5):	Two or more consecutives spaces
Norme check failed
$> clang -Wextra -Wall -Werror /Users/ohw/42git/ohw/libft/test/temp/tests/Bonus_functions/ft_lstlast/main.c -L/Users/ohw/42git/ohw/libft/test/temp/tmp_tests_dir -lft -I/Users/ohw/42git/ohw/libft/test/temp/tmp_tests_dir

/Users/ohw/42git/ohw/libft/test/temp/tests/Bonus_functions/ft_lstlast/main.c:100:14: error: implicit declaration of function 'ft_lstlast' is invalid in C99 [-Werror,-Wimplicit-function-declaration]
        if (elem != ft_lstlast(begin))
                    ^
/Users/ohw/42git/ohw/libft/test/temp/tests/Bonus_functions/ft_lstlast/main.c:100:11: error: comparison between pointer and integer ('t_list *' (aka 'struct s_list *') and 'int') [-Werror,-Wpointer-integer-compare]
        if (elem != ft_lstlast(begin))
            ~~~~ ^  ~~~~~~~~~~~~~~~~~
2 errors generated.

= ft_lstmap ====================================================================
$> norminette ft_lstmap.c | grep -E '(Error|Warning)'
/Users/ohw/42git/ohw/libft/test/temp/tmp_tests_dir/ft_lstmap.c: Error!
Error: NO_SPC_AFR_PAR       (line:  36, col:  21):	Extra space after parenthesis (brace/bracket)
Error: MIXED_SPACE_TAB      (line:  45, col:   1):	Mixed spaces and tabs
Error: TOO_FEW_TAB          (line:  45, col:   1):	Missing tabs for indent level
Error: CONSECUTIVE_SPC      (line:  45, col:   5):	Two or more consecutives spaces
Error: NO_SPC_AFR_PAR       (line:  54, col:  26):	Extra space after parenthesis (brace/bracket)
Norme check failed
$> clang -Wextra -Wall -Werror /Users/ohw/42git/ohw/libft/test/temp/tests/Bonus_functions/ft_lstmap/main.c -L/Users/ohw/42git/ohw/libft/test/temp/tmp_tests_dir -lft -I/Users/ohw/42git/ohw/libft/test/temp/tmp_tests_dir

/Users/ohw/42git/ohw/libft/test/temp/tests/Bonus_functions/ft_lstmap/main.c:139:16: error: implicit declaration of function 'ft_lstmap' is invalid in C99 [-Werror,-Wimplicit-function-declaration]
                if (!(list = ft_lstmap(elem, (void *)&ft_mapelem, (void *)&ft_delelem)))
                             ^
/Users/ohw/42git/ohw/libft/test/temp/tests/Bonus_functions/ft_lstmap/main.c:139:14: error: incompatible integer to pointer conversion assigning to 't_list *' (aka 'struct s_list *') from 'int' [-Werror,-Wint-conversion]
                if (!(list = ft_lstmap(elem, (void *)&ft_mapelem, (void *)&ft_delelem)))
                           ^ ~~~~~~~~~~~~~~~~~~~~~~~~~~~~~~~~~~~~~~~~~~~~~~~~~~~~~~~~~
2 errors generated.

= ft_lstnew ====================================================================
$> norminette ft_lstnew.c | grep -E '(Error|Warning)'
$> clang -Wextra -Wall -Werror /Users/ohw/42git/ohw/libft/test/temp/tests/Bonus_functions/ft_lstnew/main.c -L/Users/ohw/42git/ohw/libft/test/temp/tmp_tests_dir -lft -I/Users/ohw/42git/ohw/libft/test/temp/tmp_tests_dir

/Users/ohw/42git/ohw/libft/test/temp/tests/Bonus_functions/ft_lstnew/main.c:41:15: error: implicit declaration of function 'ft_lstnew' is invalid in C99 [-Werror,-Wimplicit-function-declaration]
        if (!(elem = ft_lstnew(content)))
                     ^
/Users/ohw/42git/ohw/libft/test/temp/tests/Bonus_functions/ft_lstnew/main.c:41:13: error: incompatible integer to pointer conversion assigning to 't_list *' (aka 'struct s_list *') from 'int' [-Werror,-Wint-conversion]
        if (!(elem = ft_lstnew(content)))
                   ^ ~~~~~~~~~~~~~~~~~~
2 errors generated.

= ft_lstsize ===================================================================
$> norminette ft_lstsize.c | grep -E '(Error|Warning)'
$> clang -Wextra -Wall -Werror /Users/ohw/42git/ohw/libft/test/temp/tests/Bonus_functions/ft_lstsize/main.c -L/Users/ohw/42git/ohw/libft/test/temp/tmp_tests_dir -lft -I/Users/ohw/42git/ohw/libft/test/temp/tmp_tests_dir

/Users/ohw/42git/ohw/libft/test/temp/tests/Bonus_functions/ft_lstsize/main.c:128:19: error: implicit declaration of function 'ft_lstsize' is invalid in C99 [-Werror,-Wimplicit-function-declaration]
                ft_print_result(ft_lstsize(elem));
                                ^
1 error generated.

= Additional_functions =========================================================

= ft_striteri ==================================================================
$> norminette ft_striteri.c | grep -E '(Error|Warning)'
$> clang -Wextra -Wall -Werror /Users/ohw/42git/ohw/libft/test/temp/tests/Additional_functions/ft_striteri/main.c -L/Users/ohw/42git/ohw/libft/test/temp/tmp_tests_dir -lft -I/Users/ohw/42git/ohw/libft/test/temp/tmp_tests_dir

/Users/ohw/42git/ohw/libft/test/temp/tests/Additional_functions/ft_striteri/main.c:53:3: error: implicit declaration of function 'ft_striteri' is invalid in C99 [-Werror,-Wimplicit-function-declaration]
                ft_striteri(str, &iter);
                ^
1 error generated.
